------------------------------------------------------------
Client connecting to 10.0.1.2, TCP port 5001
TCP window size: 0.14 MByte (default)
------------------------------------------------------------
[  4] local 10.0.1.2 port 55153 connected with 10.0.1.2 port 5001
[ ID] Interval       Transfer     Bandwidth
[  4]  0.0- 1.0 sec   126 MBytes  1060 Mbits/sec
[  4]  1.0- 2.0 sec   134 MBytes  1126 Mbits/sec
[  4]  2.0- 3.0 sec   136 MBytes  1145 Mbits/sec
[  4]  3.0- 4.0 sec   134 MBytes  1125 Mbits/sec
[  4]  4.0- 5.0 sec   131 MBytes  1097 Mbits/sec
[  4]  5.0- 6.0 sec   129 MBytes  1084 Mbits/sec
[  4]  6.0- 7.0 sec   132 MBytes  1110 Mbits/sec
[  4]  7.0- 8.0 sec   130 MBytes  1093 Mbits/sec
[  4]  8.0- 9.0 sec   134 MBytes  1128 Mbits/sec
[  4]  9.0-10.0 sec   135 MBytes  1132 Mbits/sec
[  4]  0.0-10.0 sec  1324 MBytes  1110 Mbits/sec
------------------------------------------------------------
Client connecting to 10.0.1.2, TCP port 5001
TCP window size: 0.14 MByte (default)
------------------------------------------------------------
[  4] local 10.0.1.2 port 55155 connected with 10.0.1.2 port 5001
[ ID] Interval       Transfer     Bandwidth
[  4]  0.0- 1.0 sec   133 MBytes  1119 Mbits/sec
[  4]  1.0- 2.0 sec   132 MBytes  1110 Mbits/sec
[  4]  2.0- 3.0 sec   131 MBytes  1099 Mbits/sec
[  4]  3.0- 4.0 sec   131 MBytes  1096 Mbits/sec
[  4]  4.0- 5.0 sec   133 MBytes  1119 Mbits/sec
[  4]  5.0- 6.0 sec   134 MBytes  1122 Mbits/sec
[  4]  6.0- 7.0 sec   133 MBytes  1114 Mbits/sec
[  4]  7.0- 8.0 sec   135 MBytes  1135 Mbits/sec
[  4]  8.0- 9.0 sec   131 MBytes  1097 Mbits/sec
[  4]  9.0-10.0 sec   132 MBytes  1108 Mbits/sec
[  4]  0.0-10.0 sec  1326 MBytes  1112 Mbits/sec
